2024-11-24T11:02:17.042Z [info]: Connected to MongoDB
2024-11-24T11:31:57.345Z [info]: POST /api/users/login
2024-11-24T11:32:39.004Z [info]: POST /api/transactions
2024-11-24T11:32:53.712Z [info]: GET /api/transactions/6742eec5d2ecc09b7767c042
2024-11-24T11:33:03.335Z [info]: POST /api/budgets/
2024-11-24T11:33:52.709Z [info]: POST /api/budgets/
2024-11-24T11:34:22.663Z [info]: GET /api/budgets/6742eec5d2ecc09b7767c042
2024-11-24T11:34:30.451Z [info]: POST /api/budgets/optimize
2024-11-24T11:35:21.860Z [info]: POST /api/budgets/optimize
2024-11-24T11:36:15.246Z [info]: GET /api/export/transactions/6742eec5d2ecc09b7767c042
2024-11-24T11:36:22.756Z [info]: GET /api/transactions/summary/6742eec5d2ecc09b7767c042/2024/November
2024-11-24T11:50:05.680Z [info]: Connected to MongoDB
2024-11-24T11:58:20.459Z [info]: POST /api/transactions
2024-11-24T11:58:20.518Z [info]: Connected to MongoDB
2024-11-24T12:16:54.645Z [info]: Server running on port 5000
2024-11-24T12:16:54.702Z [info]: Connected to MongoDB
2024-11-24T12:17:59.508Z [info]: POST /api/users/forgot-password
2024-11-24T12:18:16.061Z [info]: POST /api/users/login
2024-11-24T12:18:25.223Z [info]: POST /api/users/forgot-password
2024-11-24T12:18:43.208Z [info]: POST /api/users/forgot-password
2024-11-24T12:19:18.939Z [info]: POST /api/users/register
2024-11-24T12:19:28.583Z [info]: POST /api/users/forgot-password
2024-11-24T12:20:40.432Z [info]: Server running on port 5000
2024-11-24T12:20:40.464Z [info]: Connected to MongoDB
2024-11-24T12:20:45.068Z [info]: POST /api/users/forgot-password
2024-11-24T12:20:49.254Z [info]: POST /api/users/forgot-password
2024-11-24T12:21:23.415Z [info]: POST /api/users/forgot-password
2024-11-24T12:21:42.872Z [info]: Server running on port 5000
2024-11-24T12:21:42.900Z [info]: Connected to MongoDB
2024-11-24T12:21:51.037Z [info]: POST /api/users/forgot-password
2024-11-24T12:22:40.917Z [info]: POST /api/users/forgot-password
2024-11-24T12:23:10.914Z [info]: POST /api/users/forgot-password
2024-11-24T12:26:07.544Z [info]: POST /api/users/register
2024-11-24T12:26:07.546Z [info]: POST /api/transactions
2024-11-24T12:26:07.587Z [info]: Connected to MongoDB
2024-11-24T12:26:07.592Z [info]: Connected to MongoDB
2024-11-24T12:26:07.633Z [info]: POST /api/users/register
2024-11-24T12:26:07.647Z [info]: POST /api/users/login
2024-11-24T12:26:07.659Z [info]: POST /api/users/login
2024-11-24T12:28:27.948Z [info]: Server running on port 5000
2024-11-24T12:28:27.986Z [info]: Connected to MongoDB
2024-11-24T12:28:40.658Z [info]: POST /api/transactions
2024-11-24T12:28:40.719Z [info]: Connected to MongoDB
2024-11-24T12:28:40.929Z [info]: POST /api/users/register
2024-11-24T12:28:40.966Z [info]: Connected to MongoDB
2024-11-24T12:28:41.124Z [info]: POST /api/users/register
2024-11-24T12:28:41.235Z [info]: POST /api/users/register
2024-11-24T12:28:41.248Z [info]: POST /api/users/register
2024-11-24T12:28:41.356Z [info]: POST /api/users/login
2024-11-24T12:28:41.481Z [info]: POST /api/users/login
2024-11-24T12:31:11.408Z [info]: POST /api/users/register
2024-11-24T12:31:11.409Z [info]: POST /api/transactions
2024-11-24T12:31:11.449Z [info]: Connected to MongoDB
2024-11-24T12:31:11.458Z [info]: Connected to MongoDB
2024-11-24T12:31:11.602Z [info]: POST /api/users/register
2024-11-24T12:31:11.620Z [info]: POST /api/users/register
2024-11-24T12:31:11.632Z [info]: POST /api/users/register
2024-11-24T12:31:11.740Z [info]: POST /api/users/login
2024-11-24T12:31:11.852Z [info]: POST /api/users/login
2024-11-24T12:32:32.263Z [info]: POST /api/transactions
2024-11-24T12:32:32.266Z [info]: POST /api/users/register
2024-11-24T12:32:32.301Z [info]: Connected to MongoDB
2024-11-24T12:32:32.312Z [info]: Connected to MongoDB
2024-11-24T12:32:32.456Z [info]: POST /api/users/register
2024-11-24T12:32:32.469Z [info]: POST /api/users/register
2024-11-24T12:32:32.480Z [info]: POST /api/users/register
2024-11-24T12:32:32.589Z [info]: POST /api/users/login
2024-11-24T12:32:32.698Z [info]: POST /api/users/login
2024-11-24T12:39:54.300Z [info]: POST /api/transactions
2024-11-24T12:39:54.300Z [info]: POST /api/users/register
2024-11-24T12:39:54.348Z [info]: Connected to MongoDB
2024-11-24T12:39:54.354Z [info]: Connected to MongoDB
2024-11-24T12:39:54.505Z [info]: POST /api/users/register
2024-11-24T12:39:54.519Z [info]: POST /api/users/register
2024-11-24T12:39:54.531Z [info]: POST /api/users/register
2024-11-24T12:39:54.639Z [info]: POST /api/users/login
2024-11-24T12:39:54.756Z [info]: POST /api/users/login
2024-11-24T13:07:18.739Z [info]: Server running on port 5000
2024-11-24T13:07:18.797Z [info]: Connected to MongoDB
2024-11-24T13:12:59.602Z [info]: POST /api/users/login
2024-11-24T14:59:18.885Z [info]: Server running on port 5000
2024-11-24T14:59:18.926Z [info]: Connected to MongoDB
2024-11-24T15:18:42.010Z [info]: Server running on port 5000
2024-11-24T15:18:45.472Z [info]: Connected to MongoDB
2024-11-24T15:35:38.631Z [info]: Server running on port 5000
2024-11-24T15:35:42.094Z [info]: Connected to MongoDB
2024-11-24T15:43:31.630Z [info]: Server running on port 5000
2024-11-24T15:43:38.171Z [info]: Connected to MongoDB
2024-11-24T15:44:16.082Z [info]: POST /api/users/login
2024-11-24T15:48:29.295Z [info]: Server running on port 5000
2024-11-24T15:48:34.031Z [info]: Connected to MongoDB
2024-11-28T11:16:08.033Z [info]: Server running on port 5000
2024-11-28T11:16:13.946Z [info]: Connected to MongoDB
2024-11-28T11:17:45.034Z [info]: POST /api/users/register
2024-11-28T11:19:54.103Z [info]: POST /api/users/login
2024-11-28T11:20:18.785Z [info]: POST /api/users/login
2024-11-28T11:21:47.688Z [info]: POST /api/transactions
2024-11-28T11:22:04.130Z [info]: GET /api/transactions/6742eec5d2ecc09b7767c042
2024-11-28T11:22:23.943Z [info]: GET /api/transactions/67485159c4ce4c90a201a4f3
2024-11-28T11:23:12.330Z [info]: POST /api/budgets/
2024-11-28T11:23:19.732Z [info]: POST /api/budgets/
2024-11-28T11:23:53.969Z [info]: GET /api/budgets/67485159c4ce4c90a201a4f3
2024-11-28T11:24:32.753Z [info]: POST /api/budgets/optimize
2024-11-28T11:27:41.398Z [info]: POST /api/users/register
2024-11-28T11:29:37.337Z [info]: POST /api/users/login
2024-11-28T11:30:10.084Z [info]: POST /api/shared-expenses/settlements
2024-11-28T11:30:34.183Z [info]: GET /api/export/transactions/67485159c4ce4c90a201a4f3
2024-11-28T11:30:45.008Z [info]: GET /api/transactions/summary/67485159c4ce4c90a201a4f3/2024/November
2024-11-28T15:38:38.028Z [info]: Server running on port 5000
2024-11-28T15:38:42.278Z [info]: Connected to MongoDB
2024-11-28T15:45:03.737Z [info]: Server running on port 5000
2024-11-28T15:45:07.756Z [info]: Connected to MongoDB
2024-11-28T15:46:40.409Z [info]: POST /api/users/login
2024-11-28T15:47:42.486Z [info]: GET /api/users/balances
2024-11-28T15:49:38.696Z [info]: PUT /api/users/balances
2024-11-28T15:50:13.318Z [info]: POST /api/users/login
2024-11-28T15:52:15.259Z [info]: PUT /api/users/balances
2024-11-28T20:51:26.809Z [info]: Server running on port 5000
2024-11-28T20:51:31.197Z [info]: Connected to MongoDB
2024-11-28T20:52:52.300Z [info]: Server running on port 5000
2024-11-28T20:52:55.928Z [info]: Connected to MongoDB
2024-11-28T21:03:56.646Z [info]: Server running on port 5000
2024-11-28T21:04:00.383Z [info]: Connected to MongoDB
2024-11-28T21:04:04.389Z [info]: POST /api/users/register
2024-11-28T21:04:16.037Z [info]: POST /api/users/login
2024-11-28T21:04:25.801Z [info]: POST /api/users/login
2024-11-28T21:04:28.889Z [info]: POST /api/users/login
2024-11-28T21:04:44.910Z [info]: POST /api/users/login
2024-11-28T21:05:45.176Z [info]: POST /api/transactions
2024-11-28T21:06:00.807Z [info]: POST /api/transactions
2024-11-28T21:13:22.746Z [info]: Server running on port 5000
2024-11-28T21:13:27.330Z [info]: Connected to MongoDB
2024-11-28T21:13:59.051Z [info]: POST /api/users/register
2024-11-28T21:14:11.264Z [info]: POST /api/users/login
2024-11-28T21:14:14.312Z [info]: POST /api/users/login
2024-11-28T21:15:29.130Z [info]: POST /api/transactions
2024-11-28T21:15:41.012Z [info]: POST /api/transactions
2024-11-28T21:15:47.107Z [info]: POST /api/transactions
2024-11-28T21:21:01.436Z [info]: POST /api/transactions
2024-11-28T22:20:47.979Z [info]: Server running on port 5000
2024-11-28T22:20:50.053Z [info]: Connected to MongoDB
2024-11-28T22:23:32.313Z [info]: POST /api/users/register
2024-11-28T22:23:44.444Z [info]: POST /api/users/login
2024-11-28T22:29:56.659Z [info]: Server running on port 5000
2024-11-28T22:29:58.869Z [info]: Connected to MongoDB
2024-11-28T22:30:07.218Z [info]: POST /api/users/register
2024-11-28T22:30:18.939Z [info]: POST /api/users/login
2024-11-28T22:30:25.261Z [info]: POST /api/users/login
2024-11-28T22:30:28.069Z [info]: POST /api/users/login
2024-11-28T22:53:21.582Z [info]: Server running on port 5000
2024-11-28T22:53:24.219Z [info]: Connected to MongoDB
2024-11-28T22:53:42.034Z [info]: POST /api/users/register
2024-11-28T22:53:57.103Z [info]: POST /api/users/login
2024-11-28T23:06:09.015Z [info]: Server running on port 5000
2024-11-28T23:06:12.242Z [info]: Connected to MongoDB
2024-11-28T23:06:41.621Z [info]: POST /api/users/login
2024-11-28T23:06:48.529Z [info]: POST /api/users/login
2024-11-28T23:12:13.409Z [info]: Server running on port 5000
2024-11-28T23:12:14.959Z [info]: Connected to MongoDB
2024-11-28T23:13:45.053Z [info]: POST /api/users/register
2024-11-29T03:11:53.672Z [info]: Server running on port 5000
2024-11-29T03:11:56.491Z [info]: Connected to MongoDB
2024-11-29T03:14:47.418Z [info]: Server running on port 5000
2024-11-29T03:14:48.832Z [info]: Connected to MongoDB
2024-11-29T03:15:48.246Z [info]: POST /api/users/register
2024-11-29T03:38:44.764Z [info]: Server running on port 5000
2024-11-29T03:38:47.368Z [info]: Connected to MongoDB
2024-11-29T03:42:40.953Z [info]: Server running on port 5000
2024-11-29T03:42:42.280Z [info]: Connected to MongoDB
